\BOOKMARK [1][-]{section.1}{\376\377\000B\000e\000g\000i\000n\000n\000e\000r\000s}{}% 1
\BOOKMARK [2][-]{subsection.1.1}{\376\377\000W\000i\000s\000d\000o\000m}{section.1}% 2
\BOOKMARK [2][-]{subsection.1.2}{\376\377\000G\000r\000o\000u\000p\000\040\000T\000r\000e\000e}{section.1}% 3
\BOOKMARK [2][-]{subsection.1.3}{\376\377\000G\000e\000m\000s}{section.1}% 4
\BOOKMARK [2][-]{subsection.1.4}{\376\377\000R\000u\000n\000e\000s}{section.1}% 5
\BOOKMARK [2][-]{subsection.1.5}{\376\377\000J\000e\000w\000e\000l\000s}{section.1}% 6
\BOOKMARK [2][-]{subsection.1.6}{\376\377\000I\000t\000e\000m\000s}{section.1}% 7
\BOOKMARK [2][-]{subsection.1.7}{\376\377\000B\000u\000i\000l\000d}{section.1}% 8
\BOOKMARK [3][-]{subsubsection.1.7.1}{\376\377\000b\000u\000i\000l\000d\000\040\0001}{subsection.1.7}% 9
\BOOKMARK [3][-]{subsubsection.1.7.2}{\376\377\000b\000u\000i\000l\000d\000\040\0002}{subsection.1.7}% 10
\BOOKMARK [3][-]{subsubsection.1.7.3}{\376\377\000b\000u\000i\000l\000d\000\040\0003}{subsection.1.7}% 11
\BOOKMARK [2][-]{subsection.1.8}{\376\377\000S\000k\000i\000l\000l\000t\000r\000e\000e}{section.1}% 12
\BOOKMARK [1][-]{section.2}{\376\377\000M\000i\000d\000\040\000G\000a\000m\000e}{}% 13
\BOOKMARK [2][-]{subsection.2.1}{\376\377\000W\000i\000s\000d\000o\000m}{section.2}% 14
\BOOKMARK [2][-]{subsection.2.2}{\376\377\000G\000e\000m\000s}{section.2}% 15
\BOOKMARK [2][-]{subsection.2.3}{\376\377\000R\000u\000n\000e\000s}{section.2}% 16
\BOOKMARK [2][-]{subsection.2.4}{\376\377\000J\000e\000w\000e\000l\000s}{section.2}% 17
\BOOKMARK [2][-]{subsection.2.5}{\376\377\000I\000t\000e\000m\000s}{section.2}% 18
\BOOKMARK [2][-]{subsection.2.6}{\376\377\000B\000u\000i\000l\000d}{section.2}% 19
\BOOKMARK [3][-]{subsubsection.2.6.1}{\376\377\000b\000u\000i\000l\000d\000\040\0001}{subsection.2.6}% 20
\BOOKMARK [3][-]{subsubsection.2.6.2}{\376\377\000b\000u\000i\000l\000d\000\040\0002}{subsection.2.6}% 21
\BOOKMARK [3][-]{subsubsection.2.6.3}{\376\377\000b\000u\000i\000l\000d\000\040\0003}{subsection.2.6}% 22
\BOOKMARK [2][-]{subsection.2.7}{\376\377\000S\000k\000i\000l\000l\000t\000r\000e\000e}{section.2}% 23
\BOOKMARK [1][-]{section.3}{\376\377\000E\000n\000d\000\040\000G\000a\000m\000e}{}% 24
\BOOKMARK [2][-]{subsection.3.1}{\376\377\000W\000i\000s\000d\000o\000m}{section.3}% 25
\BOOKMARK [2][-]{subsection.3.2}{\376\377\000G\000e\000m\000s}{section.3}% 26
\BOOKMARK [2][-]{subsection.3.3}{\376\377\000R\000u\000n\000e\000s}{section.3}% 27
\BOOKMARK [2][-]{subsection.3.4}{\376\377\000J\000e\000w\000e\000l\000s}{section.3}% 28
\BOOKMARK [2][-]{subsection.3.5}{\376\377\000I\000t\000e\000m\000s}{section.3}% 29
\BOOKMARK [2][-]{subsection.3.6}{\376\377\000B\000u\000i\000l\000d}{section.3}% 30
\BOOKMARK [3][-]{subsubsection.3.6.1}{\376\377\000b\000u\000i\000l\000d\000\040\0001}{subsection.3.6}% 31
\BOOKMARK [3][-]{subsubsection.3.6.2}{\376\377\000b\000u\000i\000l\000d\000\040\0002}{subsection.3.6}% 32
\BOOKMARK [3][-]{subsubsection.3.6.3}{\376\377\000b\000u\000i\000l\000d\000\040\0003}{subsection.3.6}% 33
\BOOKMARK [2][-]{subsection.3.7}{\376\377\000S\000k\000i\000l\000l\000t\000r\000e\000e}{section.3}% 34
\BOOKMARK [1][-]{section.4}{\376\377\000P\000v\000P}{}% 35
\BOOKMARK [2][-]{subsection.4.1}{\376\377\000P\000v\000P\000\040\000T\000r\000e\000e}{section.4}% 36
\BOOKMARK [2][-]{subsection.4.2}{\376\377\000G\000e\000m\000s}{section.4}% 37
\BOOKMARK [2][-]{subsection.4.3}{\376\377\000I\000t\000e\000m\000s}{section.4}% 38
\BOOKMARK [2][-]{subsection.4.4}{\376\377\000B\000u\000i\000l\000d}{section.4}% 39
\BOOKMARK [3][-]{subsubsection.4.4.1}{\376\377\000b\000u\000i\000l\000d\000\040\0001}{subsection.4.4}% 40
\BOOKMARK [3][-]{subsubsection.4.4.2}{\376\377\000b\000u\000i\000l\000d\000\040\0002}{subsection.4.4}% 41
\BOOKMARK [3][-]{subsubsection.4.4.3}{\376\377\000b\000u\000i\000l\000d\000\040\0003}{subsection.4.4}% 42
\BOOKMARK [2][-]{subsection.4.5}{\376\377\000S\000k\000i\000l\000l\000t\000r\000e\000e}{section.4}% 43
